#
# There is insufficient memory for the Java Runtime Environment to continue.
# Native memory allocation (malloc) failed to allocate 2211216 bytes for Chunk::new
# Possible reasons:
#   The system is out of physical RAM or swap space
#   The process is running with CompressedOops enabled, and the Java Heap may be blocking the growth of the native heap
# Possible solutions:
#   Reduce memory load on the system
#   Increase physical memory or swap space
#   Check if swap backing store is full
#   Decrease Java heap size (-Xmx/-Xms)
#   Decrease number of Java threads
#   Decrease Java thread stack sizes (-Xss)
#   Set larger code cache with -XX:ReservedCodeCacheSize=
#   JVM is running with Unscaled Compressed Oops mode in which the Java heap is
#     placed in the first 4GB address space. The Java Heap base address is the
#     maximum limit for the native heap growth. Please use -XX:HeapBaseMinAddress
#     to set the Java Heap base and to place the Java Heap above 4GB virtual address.
# This output file may be truncated or incomplete.
#
#  Out of Memory Error (allocation.cpp:389), pid=122596, tid=0x000000000001d760
#
# JRE version: OpenJDK Runtime Environment (8.0_212-b04) (build 1.8.0_212-release-1586-b04)
# Java VM: OpenJDK 64-Bit Server VM (25.212-b04 mixed mode windows-amd64 compressed oops)
# Failed to write core dump. Minidumps are not enabled by default on client versions of Windows
#

---------------  T H R E A D  ---------------

Current thread (0x0000000015d3c000):  JavaThread "C2 CompilerThread1" daemon [_thread_in_native, id=120672, stack(0x00000000174a0000,0x00000000175a0000)]

Stack: [0x00000000174a0000,0x00000000175a0000]
[error occurred during error reporting (printing stack bounds), id 0xc0000005]

Native frames: (J=compiled Java code, j=interpreted, Vv=VM code, C=native code)


Current CompileTask:
C2:   6571 2482       4       java.net.URLClassLoader$1::run (5 bytes)


---------------  P R O C E S S  ---------------

Java Threads: ( => current thread )
  0x0000000019821000 JavaThread "Cache worker for execution history cache (C:\Users\kungs\.gradle\caches\5.6.4\executionHistory)" [_thread_blocked, id=78600, stack(0x000000001fd40000,0x000000001fe40000)]
  0x0000000019937800 JavaThread "Cache worker for cache directory md-rule (C:\Users\kungs\.gradle\caches\5.6.4\md-rule)" [_thread_blocked, id=121900, stack(0x000000001fc40000,0x000000001fd40000)]
  0x0000000019936800 JavaThread "Cache worker for cache directory md-supplier (C:\Users\kungs\.gradle\caches\5.6.4\md-supplier)" [_thread_blocked, id=126060, stack(0x000000001fb40000,0x000000001fc40000)]
  0x0000000019939000 JavaThread "Cache worker for file hash cache (C:\Users\kungs\AndroidStudioProjects\ZipCode\.gradle\5.6.4\fileHashes)" [_thread_blocked, id=121328, stack(0x000000001de60000,0x000000001df60000)]
  0x0000000019935000 JavaThread "Cache worker for journal cache (C:\Users\kungs\.gradle\caches\journal-1)" [_thread_blocked, id=127296, stack(0x000000001bac0000,0x000000001bbc0000)]
  0x0000000019934800 JavaThread "File lock request listener" [_thread_in_native, id=127604, stack(0x000000001b9c0000,0x000000001bac0000)]
  0x0000000019938000 JavaThread "Cache worker for file hash cache (C:\Users\kungs\.gradle\caches\5.6.4\fileHashes)" [_thread_blocked, id=126108, stack(0x000000001b8c0000,0x000000001b9c0000)]
  0x0000000019702000 JavaThread "Thread-9" [_thread_blocked, id=125880, stack(0x000000001b5c0000,0x000000001b6c0000)]
  0x0000000019701800 JavaThread "Stdin handler" [_thread_blocked, id=116836, stack(0x000000001b4c0000,0x000000001b5c0000)]
  0x0000000019700800 JavaThread "Asynchronous log dispatcher for DefaultDaemonConnection: socket connection from /127.0.0.1:51154 to /127.0.0.1:51155" [_thread_blocked, id=110852, stack(0x000000001b3c0000,0x000000001b4c0000)]
  0x000000001969e000 JavaThread "Daemon worker" [_thread_in_Java, id=127268, stack(0x000000001b2c0000,0x000000001b3c0000)]
  0x000000001969d000 JavaThread "Cancel handler" [_thread_blocked, id=125284, stack(0x000000001b1c0000,0x000000001b2c0000)]
  0x000000001967d800 JavaThread "Handler for socket connection from /127.0.0.1:51154 to /127.0.0.1:51155" [_thread_in_native, id=108760, stack(0x000000001aec0000,0x000000001afc0000)]
  0x0000000019675800 JavaThread "Daemon" [_thread_blocked, id=110984, stack(0x000000001adc0000,0x000000001aec0000)]
  0x000000001960f800 JavaThread "Daemon periodic checks" [_thread_blocked, id=70508, stack(0x000000001acc0000,0x000000001adc0000)]
  0x00000000195fb000 JavaThread "Incoming local TCP Connector on port 51154" [_thread_in_native, id=127400, stack(0x000000001aa80000,0x000000001ab80000)]
  0x0000000017d45800 JavaThread "Daemon health stats" [_thread_blocked, id=125784, stack(0x000000001a440000,0x000000001a540000)]
  0x00000000175ae800 JavaThread "Service Thread" daemon [_thread_blocked, id=123440, stack(0x0000000017aa0000,0x0000000017ba0000)]
  0x00000000175a8800 JavaThread "C1 CompilerThread2" daemon [_thread_blocked, id=124768, stack(0x00000000179a0000,0x0000000017aa0000)]
=>0x0000000015d3c000 JavaThread "C2 CompilerThread1" daemon [_thread_in_native, id=120672, stack(0x00000000174a0000,0x00000000175a0000)]
  0x0000000015d47800 JavaThread "C2 CompilerThread0" daemon [_thread_in_native, id=126440, stack(0x00000000173a0000,0x00000000174a0000)]
  0x0000000015d46000 JavaThread "Attach Listener" daemon [_thread_blocked, id=117724, stack(0x00000000172a0000,0x00000000173a0000)]
  0x0000000015d44800 JavaThread "Signal Dispatcher" daemon [_thread_blocked, id=89324, stack(0x00000000171a0000,0x00000000172a0000)]
  0x0000000002345000 JavaThread "Finalizer" daemon [_thread_blocked, id=75932, stack(0x0000000016fa0000,0x00000000170a0000)]
  0x0000000015d29000 JavaThread "Reference Handler" daemon [_thread_blocked, id=118208, stack(0x0000000016ea0000,0x0000000016fa0000)]
  0x00000000004de000 JavaThread "main" [_thread_blocked, id=122304, stack(0x0000000000980000,0x0000000000a80000)]

Other Threads:
  0x0000000015d06800 VMThread [stack: 0x0000000016da0000,0x0000000016ea0000] [id=123960]
  0x00000000175af800 WatcherThread [stack: 0x0000000017ba0000,0x0000000017ca0000] [id=123988]

VM state:not at safepoint (normal execution)

VM Mutex/Monitor currently owned by a thread: None

heap address: 0x00000000a0000000, size: 1536 MB, Compressed Oops mode: 32-bit
Narrow klass base: 0x0000000000000000, Narrow klass shift: 3
Compressed class space size: 1073741824 Address: 0x0000000100000000

Heap:
 PSYoungGen      total 65024K, used 53701K [0x00000000e0000000, 0x00000000e6200000, 0x0000000100000000)
  eden space 56320K, 81% used [0x00000000e0000000,0x00000000e2cfeeb8,0x00000000e3700000)
  from space 8704K, 87% used [0x00000000e4200000,0x00000000e4972760,0x00000000e4a80000)
  to   space 11264K, 0% used [0x00000000e3700000,0x00000000e3700000,0x00000000e4200000)
 ParOldGen       total 61952K, used 9779K [0x00000000a0000000, 0x00000000a3c80000, 0x00000000e0000000)
  object space 61952K, 15% used [0x00000000a0000000,0x00000000a098cda0,0x00000000a3c80000)
 Metaspace       used 31889K, capacity 32524K, committed 32768K, reserved 1077248K
  class space    used 4360K, capacity 4559K, committed 4608K, reserved 1048576K

Card table byte_map: [0x0000000011790000,0x0000000011aa0000] byte_map_base: 0x0000000011290000

Marking Bits: (ParMarkBitMap*) 0x0000000071af9f30
 Begin Bits: [0x00000000120a0000, 0x00000000138a0000)
 End Bits:   [0x00000000138a0000, 0x00000000150a0000)

Polling page: 0x0000000002230000

CodeCache: size=245760Kb used=9827Kb max_used=9827Kb free=235932Kb
 bounds [0x00000000023d0000, 0x0000000002d70000, 0x00000000113d0000]
 total_blobs=3218 nmethods=2538 adapters=593
 compilation: enabled

Compilation events (10 events):
Event: 6.560 Thread 0x00000000175a8800 2535       3       sun.reflect.annotation.AnnotationInvocationHandler::invoke (277 bytes)
Event: 6.561 Thread 0x00000000175a8800 nmethod 2535 0x0000000002d63810 code [0x0000000002d63b00, 0x0000000002d650f8]
Event: 6.561 Thread 0x00000000175a8800 2536   !   3       sun.reflect.annotation.AnnotationParser::parseAnnotation2 (284 bytes)
Event: 6.562 Thread 0x00000000175a8800 nmethod 2536 0x0000000002d65a90 code [0x0000000002d65e40, 0x0000000002d67b78]
Event: 6.567 Thread 0x00000000175a8800 2537       1       sun.reflect.generics.tree.Wildcard::getUpperBounds (5 bytes)
Event: 6.567 Thread 0x00000000175a8800 nmethod 2537 0x0000000002d68dd0 code [0x0000000002d68f20, 0x0000000002d69030]
Event: 6.568 Thread 0x00000000175a8800 2538       3       sun.reflect.generics.reflectiveObjects.LazyReflectiveObjectGenerator::<init> (10 bytes)
Event: 6.568 Thread 0x00000000175a8800 nmethod 2538 0x0000000002d69090 code [0x0000000002d691e0, 0x0000000002d693b0]
Event: 6.568 Thread 0x00000000175a8800 2539  s    3       java.beans.PropertyDescriptor::setWriteMethod (61 bytes)
Event: 6.569 Thread 0x00000000175a8800 nmethod 2539 0x0000000002d69450 code [0x0000000002d69800, 0x0000000002d6bc58]

GC Heap History (10 events):
Event: 3.665 GC heap before
{Heap before GC invocations=5 (full 0):
 PSYoungGen      total 37888K, used 37888K [0x00000000e0000000, 0x00000000e4a00000, 0x0000000100000000)
  eden space 32768K, 100% used [0x00000000e0000000,0x00000000e2000000,0x00000000e2000000)
  from space 5120K, 100% used [0x00000000e2500000,0x00000000e2a00000,0x00000000e2a00000)
  to   space 5120K, 0% used [0x00000000e2000000,0x00000000e2000000,0x00000000e2500000)
 ParOldGen       total 86016K, used 3734K [0x00000000a0000000, 0x00000000a5400000, 0x00000000e0000000)
  object space 86016K, 4% used [0x00000000a0000000,0x00000000a03a5978,0x00000000a5400000)
 Metaspace       used 17448K, capacity 17934K, committed 18048K, reserved 1064960K
  class space    used 2503K, capacity 2659K, committed 2688K, reserved 1048576K
Event: 3.671 GC heap after
Heap after GC invocations=5 (full 0):
 PSYoungGen      total 37888K, used 5088K [0x00000000e0000000, 0x00000000e5400000, 0x0000000100000000)
  eden space 32768K, 0% used [0x00000000e0000000,0x00000000e0000000,0x00000000e2000000)
  from space 5120K, 99% used [0x00000000e2000000,0x00000000e24f8020,0x00000000e2500000)
  to   space 10240K, 0% used [0x00000000e4a00000,0x00000000e4a00000,0x00000000e5400000)
 ParOldGen       total 86016K, used 7032K [0x00000000a0000000, 0x00000000a5400000, 0x00000000e0000000)
  object space 86016K, 8% used [0x00000000a0000000,0x00000000a06de040,0x00000000a5400000)
 Metaspace       used 17448K, capacity 17934K, committed 18048K, reserved 1064960K
  class space    used 2503K, capacity 2659K, committed 2688K, reserved 1048576K
}
Event: 5.124 GC heap before
{Heap before GC invocations=6 (full 0):
 PSYoungGen      total 37888K, used 36731K [0x00000000e0000000, 0x00000000e5400000, 0x0000000100000000)
  eden space 32768K, 96% used [0x00000000e0000000,0x00000000e1ee6da8,0x00000000e2000000)
  from space 5120K, 99% used [0x00000000e2000000,0x00000000e24f8020,0x00000000e2500000)
  to   space 10240K, 0% used [0x00000000e4a00000,0x00000000e4a00000,0x00000000e5400000)
 ParOldGen       total 86016K, used 7032K [0x00000000a0000000, 0x00000000a5400000, 0x00000000e0000000)
  object space 86016K, 8% used [0x00000000a0000000,0x00000000a06de040,0x00000000a5400000)
 Metaspace       used 20753K, capacity 21202K, committed 21296K, reserved 1067008K
  class space    used 2995K, capacity 3161K, committed 3200K, reserved 1048576K
Event: 5.138 GC heap after
Heap after GC invocations=6 (full 0):
 PSYoungGen      total 41472K, used 9202K [0x00000000e0000000, 0x00000000e5300000, 0x0000000100000000)
  eden space 32256K, 0% used [0x00000000e0000000,0x00000000e0000000,0x00000000e1f80000)
  from space 9216K, 99% used [0x00000000e4a00000,0x00000000e52fcbf0,0x00000000e5300000)
  to   space 11264K, 0% used [0x00000000e3d00000,0x00000000e3d00000,0x00000000e4800000)
 ParOldGen       total 86016K, used 7040K [0x00000000a0000000, 0x00000000a5400000, 0x00000000e0000000)
  object space 86016K, 8% used [0x00000000a0000000,0x00000000a06e0040,0x00000000a5400000)
 Metaspace       used 20753K, capacity 21202K, committed 21296K, reserved 1067008K
  class space    used 2995K, capacity 3161K, committed 3200K, reserved 1048576K
}
Event: 5.138 GC heap before
{Heap before GC invocations=7 (full 1):
 PSYoungGen      total 41472K, used 9202K [0x00000000e0000000, 0x00000000e5300000, 0x0000000100000000)
  eden space 32256K, 0% used [0x00000000e0000000,0x00000000e0000000,0x00000000e1f80000)
  from space 9216K, 99% used [0x00000000e4a00000,0x00000000e52fcbf0,0x00000000e5300000)
  to   space 11264K, 0% used [0x00000000e3d00000,0x00000000e3d00000,0x00000000e4800000)
 ParOldGen       total 86016K, used 7040K [0x00000000a0000000, 0x00000000a5400000, 0x00000000e0000000)
  object space 86016K, 8% used [0x00000000a0000000,0x00000000a06e0040,0x00000000a5400000)
 Metaspace       used 20753K, capacity 21202K, committed 21296K, reserved 1067008K
  class space    used 2995K, capacity 3161K, committed 3200K, reserved 1048576K
Event: 5.183 GC heap after
Heap after GC invocations=7 (full 1):
 PSYoungGen      total 41472K, used 0K [0x00000000e0000000, 0x00000000e5300000, 0x0000000100000000)
  eden space 32256K, 0% used [0x00000000e0000000,0x00000000e0000000,0x00000000e1f80000)
  from space 9216K, 0% used [0x00000000e4a00000,0x00000000e4a00000,0x00000000e5300000)
  to   space 11264K, 0% used [0x00000000e3d00000,0x00000000e3d00000,0x00000000e4800000)
 ParOldGen       total 61952K, used 9763K [0x00000000a0000000, 0x00000000a3c80000, 0x00000000e0000000)
  object space 61952K, 15% used [0x00000000a0000000,0x00000000a0988da0,0x00000000a3c80000)
 Metaspace       used 20753K, capacity 21202K, committed 21296K, reserved 1067008K
  class space    used 2995K, capacity 3161K, committed 3200K, reserved 1048576K
}
Event: 5.738 GC heap before
{Heap before GC invocations=8 (full 1):
 PSYoungGen      total 41472K, used 32256K [0x00000000e0000000, 0x00000000e5300000, 0x0000000100000000)
  eden space 32256K, 100% used [0x00000000e0000000,0x00000000e1f80000,0x00000000e1f80000)
  from space 9216K, 0% used [0x00000000e4a00000,0x00000000e4a00000,0x00000000e5300000)
  to   space 11264K, 0% used [0x00000000e3d00000,0x00000000e3d00000,0x00000000e4800000)
 ParOldGen       total 61952K, used 9763K [0x00000000a0000000, 0x00000000a3c80000, 0x00000000e0000000)
  object space 61952K, 15% used [0x00000000a0000000,0x00000000a0988da0,0x00000000a3c80000)
 Metaspace       used 26334K, capacity 26928K, committed 27136K, reserved 1073152K
  class space    used 3542K, capacity 3743K, committed 3840K, reserved 1048576K
Event: 5.743 GC heap after
Heap after GC invocations=8 (full 1):
 PSYoungGen      total 54272K, used 4894K [0x00000000e0000000, 0x00000000e4a80000, 0x0000000100000000)
  eden space 49152K, 0% used [0x00000000e0000000,0x00000000e0000000,0x00000000e3000000)
  from space 5120K, 95% used [0x00000000e3d00000,0x00000000e41c7a58,0x00000000e4200000)
  to   space 8704K, 0% used [0x00000000e4200000,0x00000000e4200000,0x00000000e4a80000)
 ParOldGen       total 61952K, used 9771K [0x00000000a0000000, 0x00000000a3c80000, 0x00000000e0000000)
  object space 61952K, 15% used [0x00000000a0000000,0x00000000a098ada0,0x00000000a3c80000)
 Metaspace       used 26334K, capacity 26928K, committed 27136K, reserved 1073152K
  class space    used 3542K, capacity 3743K, committed 3840K, reserved 1048576K
}
Event: 6.220 GC heap before
{Heap before GC invocations=9 (full 1):
 PSYoungGen      total 54272K, used 54046K [0x00000000e0000000, 0x00000000e4a80000, 0x0000000100000000)
  eden space 49152K, 100% used [0x00000000e0000000,0x00000000e3000000,0x00000000e3000000)
  from space 5120K, 95% used [0x00000000e3d00000,0x00000000e41c7a58,0x00000000e4200000)
  to   space 8704K, 0% used [0x00000000e4200000,0x00000000e4200000,0x00000000e4a80000)
 ParOldGen       total 61952K, used 9771K [0x00000000a0000000, 0x00000000a3c80000, 0x00000000e0000000)
  object space 61952K, 15% used [0x00000000a0000000,0x00000000a098ada0,0x00000000a3c80000)
 Metaspace       used 29922K, capacity 30442K, committed 30592K, reserved 1075200K
  class space    used 4026K, capacity 4205K, committed 4224K, reserved 1048576K
Event: 6.230 GC heap after
Heap after GC invocations=9 (full 1):
 PSYoungGen      total 65024K, used 7625K [0x00000000e0000000, 0x00000000e6200000, 0x0000000100000000)
  eden space 56320K, 0% used [0x00000000e0000000,0x00000000e0000000,0x00000000e3700000)
  from space 8704K, 87% used [0x00000000e4200000,0x00000000e4972760,0x00000000e4a80000)
  to   space 11264K, 0% used [0x00000000e3700000,0x00000000e3700000,0x00000000e4200000)
 ParOldGen       total 61952K, used 9779K [0x00000000a0000000, 0x00000000a3c80000, 0x00000000e0000000)
  object space 61952K, 15% used [0x00000000a0000000,0x00000000a098cda0,0x00000000a3c80000)
 Metaspace       used 29922K, capacity 30442K, committed 30592K, reserved 1075200K
  class space    used 4026K, capacity 4205K, committed 4224K, reserved 1048576K
}

Deoptimization events (10 events):
Event: 5.826 Thread 0x000000001969e000 Uncommon trap: reason=unstable_if action=reinterpret pc=0x000000000265c478 method=java.util.HashMap.getNode(ILjava/lang/Object;)Ljava/util/HashMap$Node; @ 53
Event: 5.826 Thread 0x000000001969e000 Uncommon trap: reason=unstable_if action=reinterpret pc=0x000000000264ba30 method=java.util.HashMap.hash(Ljava/lang/Object;)I @ 1
Event: 5.826 Thread 0x000000001969e000 Uncommon trap: reason=unstable_if action=reinterpret pc=0x0000000002aa2f40 method=java.util.HashMap.putVal(ILjava/lang/Object;Ljava/lang/Object;ZZ)Ljava/lang/Object; @ 85
Event: 5.857 Thread 0x000000001969e000 Uncommon trap: reason=unstable_if action=reinterpret pc=0x000000000269bbb0 method=java.util.LinkedHashMap.afterNodeInsertion(Z)V @ 1
Event: 5.914 Thread 0x000000001969e000 Uncommon trap: reason=unstable_if action=reinterpret pc=0x0000000002c5e4fc method=org.gradle.internal.reflect.PropertyAccessorType.isGetGetterName(Ljava/lang/String;)Z @ 14
Event: 6.009 Thread 0x000000001969e000 Uncommon trap: reason=class_check action=maybe_recompile pc=0x0000000002a2ecf8 method=sun.misc.URLClassPath.getLoader(I)Lsun/misc/URLClassPath$Loader; @ 94
Event: 6.009 Thread 0x000000001969e000 Uncommon trap: reason=unstable_if action=reinterpret pc=0x0000000002b00d50 method=java.lang.String.regionMatches(ZILjava/lang/String;II)Z @ 41
Event: 6.015 Thread 0x000000001969e000 Uncommon trap: reason=class_check action=maybe_recompile pc=0x0000000002a2aca0 method=sun.misc.URLClassPath.getLoader(I)Lsun/misc/URLClassPath$Loader; @ 239
Event: 6.142 Thread 0x000000001969e000 Uncommon trap: reason=unstable_if action=reinterpret pc=0x0000000002659bfc method=java.io.WinNTFileSystem.resolve(Ljava/lang/String;Ljava/lang/String;)Ljava/lang/String; @ 49
Event: 6.246 Thread 0x000000001969e000 Uncommon trap: reason=unstable_if action=reinterpret pc=0x0000000002c43084 method=java.util.WeakHashMap.put(Ljava/lang/Object;Ljava/lang/Object;)Ljava/lang/Object; @ 59

Classes redefined (0 events):
No events

Internal exceptions (10 events):
Event: 6.240 Thread 0x000000001969e000 Exception <a 'java/lang/ClassNotFoundException': java/util/AbstractCollectionCustomizer> (0x00000000e035a438) thrown at [D:\src\AOSP-openjdk-cygwin\jdk8u\hotspot\src\share\vm\classfile\systemDictionary.cpp, line 210]
Event: 6.242 Thread 0x000000001969e000 Exception <a 'java/lang/ClassNotFoundException': org/gradle/api/internal/DefaultDomainObjectCollectionCustomizer> (0x00000000e0399918) thrown at [D:\src\AOSP-openjdk-cygwin\jdk8u\hotspot\src\share\vm\classfile\systemDictionary.cpp, line 210]
Event: 6.243 Thread 0x000000001969e000 Exception <a 'java/lang/ClassNotFoundException': org/gradle/api/internal/DefaultNamedDomainObjectCollectionCustomizer> (0x00000000e03f7700) thrown at [D:\src\AOSP-openjdk-cygwin\jdk8u\hotspot\src\share\vm\classfile\systemDictionary.cpp, line 210]
Event: 6.246 Thread 0x000000001969e000 Exception <a 'java/lang/ClassNotFoundException': org/gradle/api/internal/DefaultNamedDomainObjectListCustomizer> (0x00000000e046bd68) thrown at [D:\src\AOSP-openjdk-cygwin\jdk8u\hotspot\src\share\vm\classfile\systemDictionary.cpp, line 210]
Event: 6.248 Thread 0x000000001969e000 Exception <a 'java/lang/ClassNotFoundException': org/gradle/api/internal/artifacts/DefaultArtifactRepositoryContainerCustomizer> (0x00000000e04e14d0) thrown at [D:\src\AOSP-openjdk-cygwin\jdk8u\hotspot\src\share\vm\classfile\systemDictionary.cpp, line 210
Event: 6.249 Thread 0x000000001969e000 Exception <a 'java/lang/ClassNotFoundException': org/gradle/api/internal/artifacts/dsl/DefaultRepositoryHandlerCustomizer> (0x00000000e0547108) thrown at [D:\src\AOSP-openjdk-cygwin\jdk8u\hotspot\src\share\vm\classfile\systemDictionary.cpp, line 210]
Event: 6.250 Thread 0x000000001969e000 Exception <a 'java/lang/ClassNotFoundException': org/gradle/api/internal/artifacts/dsl/DefaultRepositoryHandler_DecoratedCustomizer> (0x00000000e05c3770) thrown at [D:\src\AOSP-openjdk-cygwin\jdk8u\hotspot\src\share\vm\classfile\systemDictionary.cpp, line
Event: 6.566 Thread 0x000000001969e000 Exception <a 'java/lang/ClassNotFoundException': org/gradle/api/internal/artifacts/dsl/dependencies/DefaultDependencyHandler_DecoratedBeanInfo> (0x00000000e2b478a8) thrown at [D:\src\AOSP-openjdk-cygwin\jdk8u\hotspot\src\share\vm\classfile\systemDictionar
Event: 6.567 Thread 0x000000001969e000 Exception <a 'java/lang/ClassNotFoundException': org/gradle/api/internal/artifacts/dsl/dependencies/DefaultDependencyHandlerBeanInfo> (0x00000000e2ba0558) thrown at [D:\src\AOSP-openjdk-cygwin\jdk8u\hotspot\src\share\vm\classfile\systemDictionary.cpp, lin
Event: 6.567 Thread 0x000000001969e000 Exception <a 'java/lang/ClassNotFoundException': org/gradle/api/internal/artifacts/dsl/dependencies/DefaultDependencyHandlerCustomizer> (0x00000000e2bfa090) thrown at [D:\src\AOSP-openjdk-cygwin\jdk8u\hotspot\src\share\vm\classfile\systemDictionary.cpp, l

Events (10 events):
Event: 6.567 loading class org/gradle/api/internal/artifacts/dsl/dependencies/DefaultDependencyHandlerCustomizer
Event: 6.567 loading class org/gradle/api/internal/artifacts/dsl/dependencies/DefaultDependencyHandlerCustomizer done
Event: 6.567 loading class org/gradle/api/artifacts/transform/TransformAction
Event: 6.567 loading class org/gradle/api/artifacts/transform/TransformAction done
Event: 6.569 loading class org/gradle/api/internal/artifacts/dsl/dependencies/DefaultDependencyHandler_DecoratedCustomizer
Event: 6.569 loading class org/gradle/api/internal/artifacts/dsl/dependencies/DefaultDependencyHandler_DecoratedCustomizer done
Event: 6.569 loading class org/gradle/api/internal/artifacts/dsl/dependencies/DefaultDependencyHandler_DecoratedCustomizer
Event: 6.569 loading class org/gradle/api/internal/artifacts/dsl/dependencies/DefaultDependencyHandler_DecoratedCustomizer done
Event: 6.570 loading class org/gradle/api/internal/artifacts/dsl/dependencies/DefaultDependencyHandler_DecoratedCustomizer
Event: 6.570 loading class org/gradle/api/internal/artifacts/dsl/dependencies/DefaultDependencyHandler_DecoratedCustomizer done


Dynamic libraries:
0x00007ff70c980000 - 0x00007ff70c9b1000 	C:\Program Files\Android\Android Studio\jre\bin\java.exe
0x00007ffb904a0000 - 0x00007ffb90690000 	C:\windows\SYSTEM32\ntdll.dll
0x00007ffb8ffa0000 - 0x00007ffb90052000 	C:\windows\System32\KERNEL32.DLL
0x00007ffb8deb0000 - 0x00007ffb8e153000 	C:\windows\System32\KERNELBASE.dll
0x00007ffb8fec0000 - 0x00007ffb8ff63000 	C:\windows\System32\ADVAPI32.dll
0x00007ffb8f4f0000 - 0x00007ffb8f58e000 	C:\windows\System32\msvcrt.dll
0x00007ffb8e6f0000 - 0x00007ffb8e787000 	C:\windows\System32\sechost.dll
0x00007ffb8fd80000 - 0x00007ffb8fea0000 	C:\windows\System32\RPCRT4.dll
0x00007ffb90060000 - 0x00007ffb901f4000 	C:\windows\System32\USER32.dll
0x00007ffb8e4d0000 - 0x00007ffb8e4f1000 	C:\windows\System32\win32u.dll
0x00007ffb8ff70000 - 0x00007ffb8ff96000 	C:\windows\System32\GDI32.dll
0x00007ffb8e190000 - 0x00007ffb8e324000 	C:\windows\System32\gdi32full.dll
0x00007ffb8e330000 - 0x00007ffb8e3ce000 	C:\windows\System32\msvcp_win.dll
0x00007ffb8ddb0000 - 0x00007ffb8deaa000 	C:\windows\System32\ucrtbase.dll
0x00007ffb7b660000 - 0x00007ffb7b8e5000 	C:\windows\WinSxS\amd64_microsoft.windows.common-controls_6595b64144ccf1df_6.0.18362.592_none_e6c0b1911312be02\COMCTL32.dll
0x00007ffb8f740000 - 0x00007ffb8fa76000 	C:\windows\System32\combase.dll
0x00007ffb8e450000 - 0x00007ffb8e4d0000 	C:\windows\System32\bcryptPrimitives.dll
0x00007ffb90360000 - 0x00007ffb9038e000 	C:\windows\System32\IMM32.DLL
0x0000000070120000 - 0x00000000701f2000 	C:\Program Files\Android\Android Studio\jre\jre\bin\msvcr100.dll
0x0000000071330000 - 0x0000000071b76000 	C:\Program Files\Android\Android Studio\jre\jre\bin\server\jvm.dll
0x00007ffb90350000 - 0x00007ffb90358000 	C:\windows\System32\PSAPI.DLL
0x00007ffb80d20000 - 0x00007ffb80d29000 	C:\windows\SYSTEM32\WSOCK32.dll
0x00007ffb8fbe0000 - 0x00007ffb8fc4f000 	C:\windows\System32\WS2_32.dll
0x00007ffb83a70000 - 0x00007ffb83a94000 	C:\windows\SYSTEM32\WINMM.dll
0x00007ffb88b40000 - 0x00007ffb88b4a000 	C:\windows\SYSTEM32\VERSION.dll
0x00007ffb83a40000 - 0x00007ffb83a6d000 	C:\windows\SYSTEM32\WINMMBASE.dll
0x00007ffb8e500000 - 0x00007ffb8e54a000 	C:\windows\System32\cfgmgr32.dll
0x00007ffb80c80000 - 0x00007ffb80c8f000 	C:\Program Files\Android\Android Studio\jre\jre\bin\verify.dll
0x00007ffb7e680000 - 0x00007ffb7e6a9000 	C:\Program Files\Android\Android Studio\jre\jre\bin\java.dll
0x00007ffb7e540000 - 0x00007ffb7e556000 	C:\Program Files\Android\Android Studio\jre\jre\bin\zip.dll
0x00007ffb8ee00000 - 0x00007ffb8f4e5000 	C:\windows\System32\SHELL32.dll
0x00007ffb8ece0000 - 0x00007ffb8ed89000 	C:\windows\System32\shcore.dll
0x00007ffb8d630000 - 0x00007ffb8ddaf000 	C:\windows\System32\windows.storage.dll
0x00007ffb8d3f0000 - 0x00007ffb8d40f000 	C:\windows\System32\profapi.dll
0x00007ffb8d3a0000 - 0x00007ffb8d3ea000 	C:\windows\System32\powrprof.dll
0x00007ffb8d370000 - 0x00007ffb8d380000 	C:\windows\System32\UMPDC.dll
0x00007ffb8fc50000 - 0x00007ffb8fca2000 	C:\windows\System32\shlwapi.dll
0x00007ffb8d380000 - 0x00007ffb8d391000 	C:\windows\System32\kernel.appcore.dll
0x00007ffb8e3d0000 - 0x00007ffb8e3e7000 	C:\windows\System32\cryptsp.dll
0x00007ffb7e490000 - 0x00007ffb7e4aa000 	C:\Program Files\Android\Android Studio\jre\jre\bin\net.dll
0x00007ffb832c0000 - 0x00007ffb83496000 	C:\windows\SYSTEM32\urlmon.dll
0x00007ffb7c560000 - 0x00007ffb7c806000 	C:\windows\SYSTEM32\iertutil.dll
0x00007ffb8cdb0000 - 0x00007ffb8cdbc000 	C:\windows\SYSTEM32\CRYPTBASE.DLL
0x00007ffb8cb80000 - 0x00007ffb8cbe7000 	C:\windows\system32\mswsock.dll
0x00007ffb7d990000 - 0x00007ffb7d9a3000 	C:\Program Files\Android\Android Studio\jre\jre\bin\nio.dll
0x00007ffb74ae0000 - 0x00007ffb74b06000 	C:\Users\kungs\.gradle\native\30\windows-amd64\native-platform.dll
0x00007ffb80c40000 - 0x00007ffb80c4d000 	C:\Program Files\Android\Android Studio\jre\jre\bin\management.dll
0x00007ffb8c6f0000 - 0x00007ffb8c723000 	C:\windows\system32\rsaenh.dll
0x00007ffb8e160000 - 0x00007ffb8e186000 	C:\windows\System32\bcrypt.dll
0x00007ffb8d290000 - 0x00007ffb8d2b5000 	C:\windows\SYSTEM32\USERENV.dll
0x00007ffb8c890000 - 0x00007ffb8c8ca000 	C:\windows\SYSTEM32\IPHLPAPI.DLL
0x00007ffb8feb0000 - 0x00007ffb8feb8000 	C:\windows\System32\NSI.dll
0x00007ffb87090000 - 0x00007ffb870a6000 	C:\windows\SYSTEM32\dhcpcsvc6.DLL
0x00007ffb88240000 - 0x00007ffb8825c000 	C:\windows\SYSTEM32\dhcpcsvc.DLL
0x00007ffb8c8d0000 - 0x00007ffb8c99a000 	C:\windows\SYSTEM32\DNSAPI.dll

VM Arguments:
jvm_args: -Xmx1536m -Dfile.encoding=windows-1252 -Duser.country=US -Duser.language=en -Duser.variant 
java_command: org.gradle.launcher.daemon.bootstrap.GradleDaemon 5.6.4
java_class_path (initial): C:\Users\kungs\.gradle\wrapper\dists\gradle-5.6.4-all\ankdp27end7byghfw1q2sw75f\gradle-5.6.4\lib\gradle-launcher-5.6.4.jar
Launcher Type: SUN_STANDARD

Environment Variables:
PATH=C:\Python38\Scripts\;C:\Python38\;C:\windows\system32;C:\windows;C:\windows\System32\Wbem;C:\windows\System32\WindowsPowerShell\v1.0\;C:\windows\System32\OpenSSH\;C:\Program Files\Git\cmd;C:\ProgramData\chocolatey\bin;C:\Program Files\nodejs\;C:\Program Files\MySQL\MySQL Shell 8.0\bin\;C:\Users\kungs\AppData\Local\Microsoft\WindowsApps;C:\Users\kungs\AppData\Local\GitHubDesktop\bin;C:\Users\kungs\AppData\Local\Programs\Microsoft VS Code\bin;C:\Users\kungs\AppData\Roaming\npm
USERNAME=kungs
OS=Windows_NT
PROCESSOR_IDENTIFIER=Intel64 Family 6 Model 158 Stepping 11, GenuineIntel



---------------  S Y S T E M  ---------------

OS: Windows 10.0 , 64 bit Build 18362 (10.0.18362.329)

CPU:total 4 (initial active 4) (4 cores per cpu, 1 threads per core) family 6 model 158 stepping 11, cmov, cx8, fxsr, mmx, sse, sse2, sse3, ssse3, sse4.1, sse4.2, popcnt, avx, avx2, aes, clmul, erms, 3dnowpref, lzcnt, tsc, tscinvbit, bmi1, bmi2, adx

Memory: 4k page, physical 8237852k(366020k free), swap 23770136k(6688k free)

vm_info: OpenJDK 64-Bit Server VM (25.212-b04) for windows-amd64 JRE (1.8.0_212-release-1586-b04), built by "builder" with MS VC++ 10.0 (VS2010)

time: Mon Apr 27 19:24:33 2020
timezone: Pacific Daylight Time
elapsed time: 6 seconds (0d 0h 0m 6s)

